<?xml version="1.0" encoding="UTF-8"?>
<testng-results ignored="0" total="1" passed="1" failed="0" skipped="0">
  <reporter-output>
  </reporter-output>
  <suite started-at="2022-12-09T20:59:22 IST" name="Default suite" finished-at="2022-12-09T21:00:16 IST" duration-ms="53696">
    <groups>
    </groups>
    <test started-at="2022-12-09T20:59:22 IST" name="Default test" finished-at="2022-12-09T21:00:16 IST" duration-ms="53696">
      <class name="com.gcr.scripts.TC4">
        <test-method is-config="true" signature="generateReport()[pri:0, instance:com.gcr.scripts.TC4@7bd4937b]" started-at="2022-12-09T20:59:22 IST" name="generateReport" finished-at="2022-12-09T20:59:23 IST" duration-ms="891" status="PASS">
          <reporter-output>
          </reporter-output>
        </test-method> <!-- generateReport -->
        <test-method is-config="true" signature="beforeClass()[pri:0, instance:com.gcr.scripts.TC4@7bd4937b]" started-at="2022-12-09T20:59:23 IST" name="beforeClass" finished-at="2022-12-09T20:59:54 IST" duration-ms="31004" status="PASS">
          <reporter-output>
          </reporter-output>
        </test-method> <!-- beforeClass -->
        <test-method is-config="true" signature="methodName(java.lang.reflect.Method)[pri:0, instance:com.gcr.scripts.TC4@7bd4937b]" started-at="2022-12-09T20:59:54 IST" name="methodName" finished-at="2022-12-09T20:59:54 IST" duration-ms="205" status="PASS">
          <params>
            <param index="0">
              <value>
                <![CDATA[public void com.gcr.scripts.TC4.LoginLogout_WebShop() throws java.lang.Exception]]>
              </value>
            </param>
          </params>
          <reporter-output>
          </reporter-output>
        </test-method> <!-- methodName -->
        <test-method signature="LoginLogout_WebShop()[pri:0, instance:com.gcr.scripts.TC4@7bd4937b]" started-at="2022-12-09T20:59:54 IST" name="LoginLogout_WebShop" finished-at="2022-12-09T21:00:09 IST" duration-ms="14715" status="PASS">
          <reporter-output>
          </reporter-output>
        </test-method> <!-- LoginLogout_WebShop -->
        <test-method is-config="true" signature="afterClass()[pri:0, instance:com.gcr.scripts.TC4@7bd4937b]" started-at="2022-12-09T21:00:09 IST" name="afterClass" finished-at="2022-12-09T21:00:16 IST" duration-ms="6613" status="PASS">
          <reporter-output>
          </reporter-output>
        </test-method> <!-- afterClass -->
      </class> <!-- com.gcr.scripts.TC4 -->
    </test> <!-- Default test -->
  </suite> <!-- Default suite -->
</testng-results>
