<?xml version="1.0" encoding="UTF-8"?>
<!-- Generated by org.testng.reporters.JUnitXMLReporter -->
<testsuite ignored="1" hostname="Sudur" failures="1" tests="2" name="Test" time="17.911" errors="0" timestamp="2022-12-05T20:32:05 IST">
  <testcase classname="com.gcr.scripts.TC1" name="Login_LogoutTestCase" time="3.484">
    <failure type="java.lang.AssertionError" message="expected [Swag Labs 123] but found [Swag Labs]">
      <![CDATA[java.lang.AssertionError: expected [Swag Labs 123] but found [Swag Labs]
at com.gcr.scripts.TC1.Login_LogoutTestCase(TC1.java:21)
at java.base/java.util.ArrayList.forEach(ArrayList.java:1511)
... Removed 33 stack frames]]>
    </failure>
  </testcase> <!-- Login_LogoutTestCase -->
  <testcase classname="com.gcr.scripts.TC2" name="Login_LogoutTestCaseExcel" time="4.464"/>
  <testcase classname="com.gcr.config.StartBrowser" name="@BeforeTest generateReport" time="0.0">
    <ignored/>
  </testcase> <!-- @BeforeTest generateReport -->
</testsuite> <!-- Test -->
